Command line:
   circuits_top_isim_beh.exe
     -simmode  gui
     -simrunnum  0
     -socket  52903

Fri Aug 30 08:00:41 2019


 Elaboration Time: 0.03125 sec

 Current Memory Usage: 5176.21 Meg

 Total Signals          : 27
 Total Nets             : 24
 Total Signal Drivers   : 8
 Total Blocks           : 3
 Total Primitive Blocks : 2
 Total Processes        : 9
 Total Traceable Variables  : 18
 Total Scalar Nets and Variables : 104
Total Line Count : 17

 Total Simulation Time: 0.078125 sec

 Current Memory Usage: 5176.21 Meg

Fri Aug 30 08:00:56 2019

